<?xml version="1.0" encoding="UTF-8"?>
<!-- Generated by org.testng.reporters.JUnitXMLReporter -->
<testsuite hostname="NB-13-Rohit" ignored="0" name="Test" tests="5" failures="0" timestamp="20 May 2020 16:25:55 GMT" time="28.391" errors="0">
  <testcase name="login" time="9.22" classname="Infomil.Login"/>
  <testcase name="retailOps" time="2.511" classname="Infomil.Retailops"/>
  <testcase name="login" time="10.915" classname="Infomil.Login"/>
  <testcase name="wireless" time="4.675" classname="Infomil.Wirlesssync"/>
  <testcase name="quarantine" time="1.019" classname="Infomil.Quarantine"/>
</testsuite> <!-- Test -->
